2024-12-27 10:35:34,305 - INFO -  * Restarting with stat
2024-12-27 10:35:35,235 - WARNING -  * Debugger is active!
2024-12-27 10:35:35,259 - INFO -  * Debugger PIN: 340-186-559
2024-12-27 10:35:36,248 - WARNING -  * Running on all addresses.
   WARNING: This is a development server. Do not use it in a production deployment.
2024-12-27 10:35:36,250 - INFO -  * Running on http://192.168.0.38:3111/ (Press CTRL+C to quit)
2024-12-27 10:37:22,520 - INFO -  * Detected change in 'C:\\Users\\wongr\\nd064_course_1\\exercises\\python-helloworld\\nd064_course_1\\project\\techtrends\\app.py', reloading
2024-12-27 10:37:22,606 - INFO -  * Restarting with stat
2024-12-27 10:37:23,897 - WARNING -  * Debugger is active!
2024-12-27 10:37:23,921 - INFO -  * Debugger PIN: 340-186-559
2024-12-27 10:37:25,058 - WARNING -  * Running on all addresses.
   WARNING: This is a development server. Do not use it in a production deployment.
2024-12-27 10:37:25,060 - INFO -  * Running on http://192.168.0.38:3111/ (Press CTRL+C to quit)
2024-12-27 10:37:35,896 - INFO -  * Restarting with stat
2024-12-27 10:37:36,577 - WARNING -  * Debugger is active!
2024-12-27 10:37:36,588 - INFO -  * Debugger PIN: 340-186-559
2024-12-27 10:37:37,652 - WARNING -  * Running on all addresses.
   WARNING: This is a development server. Do not use it in a production deployment.
2024-12-27 10:37:37,653 - INFO -  * Running on http://192.168.0.38:3111/ (Press CTRL+C to quit)
2024-12-27 10:42:54,659 - INFO -  * Restarting with stat
2024-12-27 10:42:55,265 - WARNING -  * Debugger is active!
2024-12-27 10:42:55,275 - INFO -  * Debugger PIN: 340-186-559
2024-12-27 10:42:56,212 - WARNING -  * Running on all addresses.
   WARNING: This is a development server. Do not use it in a production deployment.
2024-12-27 10:42:56,213 - INFO -  * Running on http://192.168.0.38:3111/ (Press CTRL+C to quit)
2024-12-27 10:45:48,242 - INFO -  * Restarting with stat
2024-12-27 10:45:48,863 - WARNING -  * Debugger is active!
2024-12-27 10:45:48,875 - INFO -  * Debugger PIN: 340-186-559
2024-12-27 10:45:49,800 - WARNING -  * Running on all addresses.
   WARNING: This is a development server. Do not use it in a production deployment.
2024-12-27 10:45:49,802 - INFO -  * Running on http://192.168.0.38:3111/ (Press CTRL+C to quit)
2024-12-27 10:47:39,794 - INFO -  * Detected change in 'C:\\Users\\wongr\\nd064_course_1\\exercises\\python-helloworld\\nd064_course_1\\project\\techtrends\\app.py', reloading
2024-12-27 10:47:39,926 - INFO -  * Restarting with stat
2024-12-27 10:47:40,831 - WARNING -  * Debugger is active!
2024-12-27 10:47:40,841 - INFO -  * Debugger PIN: 340-186-559
2024-12-27 10:47:41,770 - WARNING -  * Running on all addresses.
   WARNING: This is a development server. Do not use it in a production deployment.
2024-12-27 10:47:41,771 - INFO -  * Running on http://192.168.0.38:3111/ (Press CTRL+C to quit)
2024-12-27 10:50:30,700 - INFO -  * Detected change in 'C:\\Users\\wongr\\nd064_course_1\\exercises\\python-helloworld\\nd064_course_1\\project\\techtrends\\app.py', reloading
2024-12-27 10:50:30,807 - INFO -  * Restarting with stat
2024-12-27 10:50:31,926 - WARNING -  * Debugger is active!
2024-12-27 10:50:31,940 - INFO -  * Debugger PIN: 340-186-559
2024-12-27 10:50:33,003 - WARNING -  * Running on all addresses.
   WARNING: This is a development server. Do not use it in a production deployment.
2024-12-27 10:50:33,004 - INFO -  * Running on http://192.168.0.38:3111/ (Press CTRL+C to quit)
2024-12-27 10:50:44,177 - INFO -  * Restarting with stat
2024-12-27 10:50:44,791 - WARNING -  * Debugger is active!
2024-12-27 10:50:44,800 - INFO -  * Debugger PIN: 340-186-559
2024-12-27 10:50:45,737 - WARNING -  * Running on all addresses.
   WARNING: This is a development server. Do not use it in a production deployment.
2024-12-27 10:50:45,738 - INFO -  * Running on http://192.168.0.38:3111/ (Press CTRL+C to quit)
2024-12-27 10:52:49,428 - INFO -  * Detected change in 'C:\\Users\\wongr\\nd064_course_1\\exercises\\python-helloworld\\nd064_course_1\\project\\techtrends\\app.py', reloading
2024-12-27 10:52:49,536 - INFO -  * Restarting with stat
2024-12-27 10:52:50,225 - WARNING -  * Debugger is active!
2024-12-27 10:52:50,235 - INFO -  * Debugger PIN: 340-186-559
2024-12-27 10:52:51,183 - WARNING -  * Running on all addresses.
   WARNING: This is a development server. Do not use it in a production deployment.
2024-12-27 10:52:51,183 - INFO -  * Running on http://192.168.0.38:3111/ (Press CTRL+C to quit)
2024-12-27 10:53:47,073 - INFO -  * Detected change in 'C:\\Users\\wongr\\nd064_course_1\\exercises\\python-helloworld\\nd064_course_1\\project\\techtrends\\app.py', reloading
2024-12-27 10:53:47,164 - INFO -  * Restarting with stat
2024-12-27 10:53:47,971 - WARNING -  * Debugger is active!
2024-12-27 10:53:47,984 - INFO -  * Debugger PIN: 340-186-559
2024-12-27 10:53:48,938 - WARNING -  * Running on all addresses.
   WARNING: This is a development server. Do not use it in a production deployment.
2024-12-27 10:53:48,938 - INFO -  * Running on http://192.168.0.38:3111/ (Press CTRL+C to quit)
2025-01-02 14:26:54,838 - INFO -  * Restarting with stat
2025-01-02 14:26:55,817 - WARNING -  * Debugger is active!
2025-01-02 14:26:55,845 - INFO -  * Debugger PIN: 340-186-559
2025-01-02 14:26:56,781 - WARNING -  * Running on all addresses.
   WARNING: This is a development server. Do not use it in a production deployment.
2025-01-02 14:26:56,781 - INFO -  * Running on http://192.168.0.69:3111/ (Press CTRL+C to quit)
2025-01-02 14:31:05,114 - INFO -  * Detected change in 'C:\\Users\\wongr\\nd064_course_1\\exercises\\python-helloworld\\nd064_course_1\\project\\techtrends\\app.py', reloading
2025-01-02 14:31:05,238 - INFO -  * Restarting with stat
2025-01-02 14:31:45,130 - INFO -  * Restarting with stat
2025-01-02 14:31:46,133 - WARNING -  * Debugger is active!
2025-01-02 14:31:46,151 - INFO -  * Debugger PIN: 340-186-559
2025-01-02 14:31:47,105 - WARNING -  * Running on all addresses.
   WARNING: This is a development server. Do not use it in a production deployment.
2025-01-02 14:31:47,106 - INFO -  * Running on http://192.168.0.69:3111/ (Press CTRL+C to quit)
